<?xml version="1.0" encoding="UTF-8"?>
<!-- Generated by org.testng.reporters.JUnitReportReporter -->
<testsuite hostname="DESKTOP-FBE7IIT" failures="0" tests="4" name="testNG_discussion.ReadExcelDataUsingDataProvider" time="37.735" errors="0" timestamp="2023-09-06T19:15:37 IST" skipped="0">
  <testcase classname="testNG_discussion.ReadExcelDataUsingDataProvider" name="logInPage" time="7.417"/>
  <testcase classname="testNG_discussion.ReadExcelDataUsingDataProvider" name="logInPage" time="5.648"/>
  <testcase classname="testNG_discussion.ReadExcelDataUsingDataProvider" name="logInPage" time="10.715"/>
  <testcase classname="testNG_discussion.ReadExcelDataUsingDataProvider" name="logInPage" time="13.955"/>
</testsuite> <!-- testNG_discussion.ReadExcelDataUsingDataProvider -->
