<?xml version="1.0" encoding="UTF-8"?>
<!-- Generated by org.testng.reporters.JUnitReportReporter -->
<testsuite hostname="DESKTOP-FBE7IIT" failures="0" tests="5" name="testNG_discussion.InvocationCount" time="0.047" errors="0" timestamp="2023-06-21T13:19:33 IST" skipped="0">
  <testcase classname="testNG_discussion.InvocationCount" name="logIn" time="0.023"/>
  <system-out/>
  <testcase classname="testNG_discussion.InvocationCount" name="homePage" time="0.006"/>
  <system-out/>
  <testcase classname="testNG_discussion.InvocationCount" name="homePage" time="0.009"/>
  <system-out/>
  <testcase classname="testNG_discussion.InvocationCount" name="homePage" time="0.004"/>
  <system-out/>
  <testcase classname="testNG_discussion.InvocationCount" name="logOut" time="0.005"/>
  <system-out/>
</testsuite> <!-- testNG_discussion.InvocationCount -->
