<?xml version="1.0" encoding="UTF-8"?>
<!-- Generated by org.testng.reporters.JUnitReportReporter -->
<testsuite hostname="DESKTOP-FBE7IIT" failures="0" tests="1" name="testNG_discussion.SoftAssertDemo" time="12.503" errors="0" timestamp="2023-06-23T19:36:40 IST" skipped="0">
  <testcase classname="testNG_discussion.SoftAssertDemo" name="softAssertDemo" time="12.503"/>
  <system-out/>
</testsuite> <!-- testNG_discussion.SoftAssertDemo -->
