<?xml version="1.0" encoding="UTF-8"?>
<!-- Generated by org.testng.reporters.JUnitReportReporter -->
<testsuite hostname="DESKTOP-FBE7IIT" failures="0" tests="3" name="testNG_discussion.ParallelTestingDemo1" time="35.857" errors="0" timestamp="2023-09-15T15:25:10 IST" skipped="0">
  <testcase classname="testNG_discussion.ParallelTestingDemo1" name="verifyMyntraTitle" time="19.091"/>
  <system-out/>
  <testcase classname="testNG_discussion.ParallelTestingDemo1" name="verifyFacebookSignupTitle" time="7.854"/>
  <system-out/>
  <testcase classname="testNG_discussion.ParallelTestingDemo1" name="verifyGoogleTitle" time="8.912"/>
  <system-out/>
</testsuite> <!-- testNG_discussion.ParallelTestingDemo1 -->
