<?xml version="1.0" encoding="UTF-8"?>
<!-- Generated by org.testng.reporters.JUnitReportReporter -->
<testsuite hostname="DESKTOP-FBE7IIT" failures="0" tests="2" name="testNG_discussion.GroupsDemo2" time="0.018" errors="0" timestamp="2023-06-22T20:23:07 IST" skipped="0">
  <testcase classname="testNG_discussion.GroupsDemo2" name="login" time="0.015"/>
  <system-out/>
  <testcase classname="testNG_discussion.GroupsDemo2" name="home" time="0.003"/>
  <system-out/>
</testsuite> <!-- testNG_discussion.GroupsDemo2 -->
