<?xml version="1.0" encoding="UTF-8"?>
<!-- Generated by org.testng.reporters.JUnitReportReporter -->
<testsuite hostname="DESKTOP-FBE7IIT" failures="0" tests="7" name="testNG_discussion.PriorityKeyword" time="0.033" errors="0" timestamp="2024-01-02T07:40:38 IST" skipped="1">
  <testcase classname="testNG_discussion.PriorityKeyword" name="register" time="0.013"/>
  <system-out/>
  <testcase classname="testNG_discussion.PriorityKeyword" name="logIn" time="0.003"/>
  <system-out/>
  <testcase classname="testNG_discussion.PriorityKeyword" name="searchProduct" time="0.005"/>
  <system-out/>
  <testcase classname="testNG_discussion.PriorityKeyword" name="homePage" time="0.004"/>
  <system-out/>
  <testcase classname="testNG_discussion.PriorityKeyword" name="addToCart" time="0.003">
    <skipped/>
  </testcase> <!-- addToCart -->
  <system-out/>
  <testcase classname="testNG_discussion.PriorityKeyword" name="logOut" time="0.002"/>
  <system-out/>
  <testcase classname="testNG_discussion.PriorityKeyword" name="checkout" time="0.003"/>
  <system-out/>
</testsuite> <!-- testNG_discussion.PriorityKeyword -->
