<?xml version="1.0" encoding="UTF-8"?>
<!-- Generated by org.testng.reporters.JUnitReportReporter -->
<testsuite hostname="DESKTOP-FBE7IIT" failures="0" tests="3" name="testNG_discussion.GroupsDemo1" time="0.040" errors="0" timestamp="2023-12-07T09:42:01 IST" skipped="0">
  <testcase classname="testNG_discussion.GroupsDemo1" name="setDetails" time="0.023"/>
  <system-out/>
  <testcase classname="testNG_discussion.GroupsDemo1" name="login" time="0.010"/>
  <system-out/>
  <testcase classname="testNG_discussion.GroupsDemo1" name="home" time="0.007"/>
  <system-out/>
</testsuite> <!-- testNG_discussion.GroupsDemo1 -->
