<?xml version="1.0" encoding="UTF-8"?>
<!-- Generated by org.testng.reporters.JUnitReportReporter -->
<testsuite hostname="DESKTOP-FBE7IIT" failures="0" tests="3" name="testNG_discussion.EnableKeyword" time="0.017" errors="0" timestamp="2023-07-19T09:48:46 IST" skipped="1">
  <testcase classname="testNG_discussion.EnableKeyword" name="logIn" time="0.013"/>
  <testcase classname="testNG_discussion.EnableKeyword" name="logOut" time="0.004"/>
  <testcase classname="testNG_discussion.EnableKeyword" name="homePage">
    <skipped/>
  </testcase> <!-- homePage -->
</testsuite> <!-- testNG_discussion.EnableKeyword -->
