<?xml version="1.0" encoding="UTF-8"?>
<!-- Generated by org.testng.reporters.JUnitReportReporter -->
<testsuite hostname="DESKTOP-FBE7IIT" failures="0" tests="1" name="selenium_discussion.MouseHoverAction" time="10.287" errors="0" timestamp="2023-07-03T12:17:08 IST" skipped="0">
  <testcase classname="selenium_discussion.MouseHoverAction" name="verifyTitle" time="10.287"/>
</testsuite> <!-- selenium_discussion.MouseHoverAction -->
