<?xml version="1.0" encoding="UTF-8"?>
<!-- Generated by org.testng.reporters.JUnitReportReporter -->
<testsuite hostname="DESKTOP-FBE7IIT" failures="0" tests="2" name="testNG_discussion.ReporterClass" time="0.017" errors="0" timestamp="2023-06-21T10:46:33 IST" skipped="0">
  <testcase classname="testNG_discussion.ReporterClass" name="logIn" time="0.013"/>
  <system-out>
    <![CDATA[Report generate for login test case]]>
  </system-out>
  <testcase classname="testNG_discussion.ReporterClass" name="homePage" time="0.004"/>
  <system-out>
    <![CDATA[Report generate for home page test case]]>
  </system-out>
</testsuite> <!-- testNG_discussion.ReporterClass -->
