<?xml version="1.0" encoding="UTF-8"?>
<!-- Generated by org.testng.reporters.JUnitReportReporter -->
<testsuite hostname="DESKTOP-FBE7IIT" failures="0" tests="3" name="testNG_discussion.DataProviderDemo1" time="46.496" errors="0" timestamp="2023-11-24T19:37:49 IST" skipped="0">
  <testcase classname="testNG_discussion.DataProviderDemo1" name="googleSearch" time="17.218"/>
  <system-out/>
  <testcase classname="testNG_discussion.DataProviderDemo1" name="googleSearch" time="13.768"/>
  <system-out/>
  <testcase classname="testNG_discussion.DataProviderDemo1" name="googleSearch" time="15.510"/>
  <system-out/>
</testsuite> <!-- testNG_discussion.DataProviderDemo1 -->
